<?xml version="1.0" encoding="UTF-8"?>
<!-- Generated by org.testng.reporters.JUnitReportReporter -->
<testsuite hostname="LAPTOP-RAQOTQJ9" failures="0" tests="1" name="Tests.RegistationPageTest" time="12.521" errors="0" timestamp="2024-08-03T01:28:10 BDT" skipped="0">
  <testcase classname="Tests.RegistationPageTest" name="callRegitation" time="12.521"/>
</testsuite> <!-- Tests.RegistationPageTest -->
