<?xml version="1.0" encoding="UTF-8"?>
<!-- Generated by org.testng.reporters.JUnitReportReporter -->
<testsuite hostname="LAPTOP-RAQOTQJ9" failures="0" tests="1" name="Tests.RegistationPageTest" time="16.246" errors="0" timestamp="2024-08-10T10:15:55 BDT" skipped="0">
  <testcase classname="Tests.RegistationPageTest" name="callRegitation" time="16.246"/>
</testsuite> <!-- Tests.RegistationPageTest -->
