<?xml version="1.0" encoding="UTF-8"?>
<!-- Generated by org.testng.reporters.JUnitReportReporter -->
<testsuite hostname="LAPTOP-RAQOTQJ9" failures="0" tests="1" name="Tests.LoginPageTest" time="29.662" errors="0" timestamp="2024-08-03T01:28:10 BDT" skipped="0">
  <testcase classname="Tests.LoginPageTest" name="loginTest" time="29.662"/>
</testsuite> <!-- Tests.LoginPageTest -->
