<?xml version="1.0" encoding="UTF-8"?>
<!-- Generated by org.testng.reporters.JUnitReportReporter -->
<testsuite hostname="LAPTOP-RAQOTQJ9" failures="0" tests="1" name="Tests.demoSiteTest" time="29.991" errors="0" timestamp="2024-08-10T10:15:55 BDT" skipped="0">
  <testcase classname="Tests.demoSiteTest" name="demoSiteRun" time="29.991"/>
</testsuite> <!-- Tests.demoSiteTest -->
